>> Writing PID to tmp/pids/thin.pid
>> Using rack adapter
>> Exiting!
/home/keialk/.rvm/gems/ruby-1.9.2-p290@global/gems/bundler-1.0.21/lib/bundler/runtime.rb:31:in `block in setup': You have already activated rack 1.4.0, but your Gemfile requires rack 1.3.6. Using bundle exec may solve this. (Gem::LoadError)
	from /home/keialk/.rvm/gems/ruby-1.9.2-p290@global/gems/bundler-1.0.21/lib/bundler/runtime.rb:17:in `setup'
	from /home/keialk/.rvm/gems/ruby-1.9.2-p290@global/gems/bundler-1.0.21/lib/bundler.rb:110:in `setup'
	from /home/keialk/.rvm/gems/ruby-1.9.2-p290@global/gems/bundler-1.0.21/lib/bundler/setup.rb:17:in `<top (required)>'
	from /home/keialk/.rvm/rubies/ruby-1.9.2-p290/lib/ruby/site_ruby/1.9.1/rubygems/custom_require.rb:59:in `require'
	from /home/keialk/.rvm/rubies/ruby-1.9.2-p290/lib/ruby/site_ruby/1.9.1/rubygems/custom_require.rb:59:in `rescue in require'
	from /home/keialk/.rvm/rubies/ruby-1.9.2-p290/lib/ruby/site_ruby/1.9.1/rubygems/custom_require.rb:35:in `require'
	from /home/keialk/gallery/config/boot.rb:6:in `<top (required)>'
	from /home/keialk/.rvm/rubies/ruby-1.9.2-p290/lib/ruby/site_ruby/1.9.1/rubygems/custom_require.rb:36:in `require'
	from /home/keialk/.rvm/rubies/ruby-1.9.2-p290/lib/ruby/site_ruby/1.9.1/rubygems/custom_require.rb:36:in `require'
	from /home/keialk/gallery/config/application.rb:1:in `<top (required)>'
	from /home/keialk/.rvm/rubies/ruby-1.9.2-p290/lib/ruby/site_ruby/1.9.1/rubygems/custom_require.rb:36:in `require'
	from /home/keialk/.rvm/rubies/ruby-1.9.2-p290/lib/ruby/site_ruby/1.9.1/rubygems/custom_require.rb:36:in `require'
	from /home/keialk/gallery/config/environment.rb:2:in `<top (required)>'
	from /home/keialk/.rvm/rubies/ruby-1.9.2-p290/lib/ruby/site_ruby/1.9.1/rubygems/custom_require.rb:36:in `require'
	from /home/keialk/.rvm/rubies/ruby-1.9.2-p290/lib/ruby/site_ruby/1.9.1/rubygems/custom_require.rb:36:in `require'
	from /home/keialk/gallery/config.ru:3:in `block in <main>'
	from /home/keialk/.rvm/gems/ruby-1.9.2-p290/gems/rack-1.4.0/lib/rack/builder.rb:51:in `instance_eval'
	from /home/keialk/.rvm/gems/ruby-1.9.2-p290/gems/rack-1.4.0/lib/rack/builder.rb:51:in `initialize'
	from /home/keialk/gallery/config.ru:1:in `new'
	from /home/keialk/gallery/config.ru:1:in `<main>'
	from /home/keialk/.rvm/gems/ruby-1.9.2-p290/gems/thin-1.3.1/lib/rack/adapter/loader.rb:36:in `eval'
	from /home/keialk/.rvm/gems/ruby-1.9.2-p290/gems/thin-1.3.1/lib/rack/adapter/loader.rb:36:in `load'
	from /home/keialk/.rvm/gems/ruby-1.9.2-p290/gems/thin-1.3.1/lib/rack/adapter/loader.rb:45:in `for'
	from /home/keialk/.rvm/gems/ruby-1.9.2-p290/gems/thin-1.3.1/lib/thin/controllers/controller.rb:169:in `load_adapter'
	from /home/keialk/.rvm/gems/ruby-1.9.2-p290/gems/thin-1.3.1/lib/thin/controllers/controller.rb:73:in `start'
	from /home/keialk/.rvm/gems/ruby-1.9.2-p290/gems/thin-1.3.1/lib/thin/runner.rb:185:in `run_command'
	from /home/keialk/.rvm/gems/ruby-1.9.2-p290/gems/thin-1.3.1/lib/thin/runner.rb:151:in `run!'
	from /home/keialk/.rvm/gems/ruby-1.9.2-p290/gems/thin-1.3.1/bin/thin:6:in `<top (required)>'
	from /home/keialk/.rvm/gems/ruby-1.9.2-p290/bin/thin:19:in `load'
	from /home/keialk/.rvm/gems/ruby-1.9.2-p290/bin/thin:19:in `<main>'
>> Writing PID to tmp/pids/thin.pid
>> Using rack adapter
>> Exiting!
/home/keialk/.rvm/gems/ruby-1.9.2-p290@global/gems/bundler-1.0.21/lib/bundler/runtime.rb:31:in `block in setup': You have already activated rack 1.4.0, but your Gemfile requires rack 1.3.6. Using bundle exec may solve this. (Gem::LoadError)
	from /home/keialk/.rvm/gems/ruby-1.9.2-p290@global/gems/bundler-1.0.21/lib/bundler/runtime.rb:17:in `setup'
	from /home/keialk/.rvm/gems/ruby-1.9.2-p290@global/gems/bundler-1.0.21/lib/bundler.rb:110:in `setup'
	from /home/keialk/.rvm/gems/ruby-1.9.2-p290@global/gems/bundler-1.0.21/lib/bundler/setup.rb:17:in `<top (required)>'
	from /home/keialk/.rvm/rubies/ruby-1.9.2-p290/lib/ruby/site_ruby/1.9.1/rubygems/custom_require.rb:59:in `require'
	from /home/keialk/.rvm/rubies/ruby-1.9.2-p290/lib/ruby/site_ruby/1.9.1/rubygems/custom_require.rb:59:in `rescue in require'
	from /home/keialk/.rvm/rubies/ruby-1.9.2-p290/lib/ruby/site_ruby/1.9.1/rubygems/custom_require.rb:35:in `require'
	from /home/keialk/gallery/config/boot.rb:6:in `<top (required)>'
	from /home/keialk/.rvm/rubies/ruby-1.9.2-p290/lib/ruby/site_ruby/1.9.1/rubygems/custom_require.rb:36:in `require'
	from /home/keialk/.rvm/rubies/ruby-1.9.2-p290/lib/ruby/site_ruby/1.9.1/rubygems/custom_require.rb:36:in `require'
	from /home/keialk/gallery/config/application.rb:1:in `<top (required)>'
	from /home/keialk/.rvm/rubies/ruby-1.9.2-p290/lib/ruby/site_ruby/1.9.1/rubygems/custom_require.rb:36:in `require'
	from /home/keialk/.rvm/rubies/ruby-1.9.2-p290/lib/ruby/site_ruby/1.9.1/rubygems/custom_require.rb:36:in `require'
	from /home/keialk/gallery/config/environment.rb:2:in `<top (required)>'
	from /home/keialk/.rvm/rubies/ruby-1.9.2-p290/lib/ruby/site_ruby/1.9.1/rubygems/custom_require.rb:36:in `require'
	from /home/keialk/.rvm/rubies/ruby-1.9.2-p290/lib/ruby/site_ruby/1.9.1/rubygems/custom_require.rb:36:in `require'
	from /home/keialk/gallery/config.ru:3:in `block in <main>'
	from /home/keialk/.rvm/gems/ruby-1.9.2-p290/gems/rack-1.4.0/lib/rack/builder.rb:51:in `instance_eval'
	from /home/keialk/.rvm/gems/ruby-1.9.2-p290/gems/rack-1.4.0/lib/rack/builder.rb:51:in `initialize'
	from /home/keialk/gallery/config.ru:1:in `new'
	from /home/keialk/gallery/config.ru:1:in `<main>'
	from /home/keialk/.rvm/gems/ruby-1.9.2-p290/gems/thin-1.3.1/lib/rack/adapter/loader.rb:36:in `eval'
	from /home/keialk/.rvm/gems/ruby-1.9.2-p290/gems/thin-1.3.1/lib/rack/adapter/loader.rb:36:in `load'
	from /home/keialk/.rvm/gems/ruby-1.9.2-p290/gems/thin-1.3.1/lib/rack/adapter/loader.rb:45:in `for'
	from /home/keialk/.rvm/gems/ruby-1.9.2-p290/gems/thin-1.3.1/lib/thin/controllers/controller.rb:169:in `load_adapter'
	from /home/keialk/.rvm/gems/ruby-1.9.2-p290/gems/thin-1.3.1/lib/thin/controllers/controller.rb:73:in `start'
	from /home/keialk/.rvm/gems/ruby-1.9.2-p290/gems/thin-1.3.1/lib/thin/runner.rb:185:in `run_command'
	from /home/keialk/.rvm/gems/ruby-1.9.2-p290/gems/thin-1.3.1/lib/thin/runner.rb:151:in `run!'
	from /home/keialk/.rvm/gems/ruby-1.9.2-p290/gems/thin-1.3.1/bin/thin:6:in `<top (required)>'
	from /home/keialk/.rvm/gems/ruby-1.9.2-p290/bin/thin:19:in `load'
	from /home/keialk/.rvm/gems/ruby-1.9.2-p290/bin/thin:19:in `<main>'
>> Writing PID to tmp/pids/thin.pid
>> Using rack adapter
>> Thin web server (v1.3.1 codename Triple Espresso)
>> Maximum connections set to 1024
>> Listening on 0.0.0.0:3690, CTRL+C to stop
